<?xml version="1.0" encoding="UTF-8"?>
<!-- Generated by org.testng.reporters.JUnitXMLReporter -->
<testsuite ignored="0" hostname="DESKTOP-3FE0KPH" failures="1" tests="10" name=" Flipkart App Test Cases" time="127.38" errors="0" timestamp="12 Nov 2021 04:46:29 GMT">
  <testcase classname="com.flipkart.qa.testcases.LoginPageTest" name="LoginPageLogo" time="0.185"/>
  <testcase classname="com.flipkart.qa.testcases.LoginPageTest" name="LoginPageTitletest" time="0.018"/>
  <testcase classname="com.flipkart.qa.testcases.LoginPageTest" name="LoginTest" time="3.098"/>
  <testcase classname="com.flipkart.qa.testcases.HomePageTest" name="homePageTitleTest" time="0.017"/>
  <testcase classname="com.flipkart.qa.testcases.ItemPageTest" name="ItemPageTitleTest1" time="2.267"/>
  <testcase classname="com.flipkart.qa.testcases.CheckOutPageTest" name="checkout" time="3.123">
    <failure type="org.openqa.selenium.ElementNotInteractableException" message="element not interactable
  (Session info: chrome=95.0.4638.69)
Build info: version: &amp;apos;3.14.0&amp;apos;, revision: &amp;apos;aacccce0&amp;apos;, time: &amp;apos;2018-08-02T20:19:58.91Z&amp;apos;
System info: host: &amp;apos;DESKTOP-3FE0KPH&amp;apos;, ip: &amp;apos;192.168.29.180&amp;apos;, os.name: &amp;apos;Windows 10&amp;apos;, os.arch: &amp;apos;amd64&amp;apos;, os.version: &amp;apos;10.0&amp;apos;, java.version: &amp;apos;16.0.2&amp;apos;
Driver info: org.openqa.selenium.chrome.ChromeDriver
Capabilities {acceptInsecureCerts: false, browserName: chrome, browserVersion: 95.0.4638.69, chrome: {chromedriverVersion: 94.0.4606.61 (418b78f5838ed..., userDataDir: C:\Users\MALLIK~1\AppData\L...}, goog:chromeOptions: {debuggerAddress: localhost:58062}, javascriptEnabled: true, networkConnectionEnabled: false, pageLoadStrategy: normal, platform: WINDOWS, platformName: WINDOWS, proxy: Proxy(), setWindowRect: true, strictFileInteractability: false, timeouts: {implicit: 0, pageLoad: 300000, script: 30000}, unhandledPromptBehavior: dismiss and notify, webauthn:extension:credBlob: true, webauthn:extension:largeBlob: true, webauthn:virtualAuthenticators: true}
Session ID: c0d71881eac9f4d20e43c90c3909809d">
      <![CDATA[org.openqa.selenium.ElementNotInteractableException: element not interactable
  (Session info: chrome=95.0.4638.69)
Build info: version: '3.14.0', revision: 'aacccce0', time: '2018-08-02T20:19:58.91Z'
System info: host: 'DESKTOP-3FE0KPH', ip: '192.168.29.180', os.name: 'Windows 10', os.arch: 'amd64', os.version: '10.0', java.version: '16.0.2'
Driver info: org.openqa.selenium.chrome.ChromeDriver
Capabilities {acceptInsecureCerts: false, browserName: chrome, browserVersion: 95.0.4638.69, chrome: {chromedriverVersion: 94.0.4606.61 (418b78f5838ed..., userDataDir: C:\Users\MALLIK~1\AppData\L...}, goog:chromeOptions: {debuggerAddress: localhost:58062}, javascriptEnabled: true, networkConnectionEnabled: false, pageLoadStrategy: normal, platform: WINDOWS, platformName: WINDOWS, proxy: Proxy(), setWindowRect: true, strictFileInteractability: false, timeouts: {implicit: 0, pageLoad: 300000, script: 30000}, unhandledPromptBehavior: dismiss and notify, webauthn:extension:credBlob: true, webauthn:extension:largeBlob: true, webauthn:virtualAuthenticators: true}
Session ID: c0d71881eac9f4d20e43c90c3909809d
	at org.openqa.selenium.remote.http.W3CHttpResponseCodec.createException(W3CHttpResponseCodec.java:187)
	at org.openqa.selenium.remote.http.W3CHttpResponseCodec.decode(W3CHttpResponseCodec.java:122)
	at org.openqa.selenium.remote.http.W3CHttpResponseCodec.decode(W3CHttpResponseCodec.java:49)
	at org.openqa.selenium.remote.HttpCommandExecutor.execute(HttpCommandExecutor.java:158)
	at org.openqa.selenium.remote.service.DriverCommandExecutor.execute(DriverCommandExecutor.java:83)
	at org.openqa.selenium.remote.RemoteWebDriver.execute(RemoteWebDriver.java:548)
	at org.openqa.selenium.remote.RemoteWebElement.execute(RemoteWebElement.java:276)
	at org.openqa.selenium.remote.RemoteWebElement.sendKeys(RemoteWebElement.java:100)
	at org.openqa.selenium.support.events.EventFiringWebDriver$EventFiringWebElement.lambda$new$0(EventFiringWebDriver.java:403)
	at jdk.proxy2/jdk.proxy2.$Proxy15.sendKeys(Unknown Source)
	at org.openqa.selenium.support.events.EventFiringWebDriver$EventFiringWebElement.sendKeys(EventFiringWebDriver.java:428)
	at org.openqa.selenium.support.pagefactory.internal.LocatingElementHandler.invoke(LocatingElementHandler.java:51)
	at jdk.proxy2/jdk.proxy2.$Proxy14.sendKeys(Unknown Source)
	at com.flipkart.qa.pages.CheckOutPage.checkout(CheckOutPage.java:45)
	at com.flipkart.qa.testcases.CheckOutPageTest.checkout(CheckOutPageTest.java:51)
... Removed 36 stack frames]]>
    </failure>
  </testcase> <!-- checkout -->
  <testcase classname="com.flipkart.qa.testcases.HomePageTest" name="verifyUserNameTest" time="0.049"/>
  <testcase classname="com.flipkart.qa.testcases.ItemPageTest" name="ItemPage" time="8.969"/>
  <testcase classname="com.flipkart.qa.testcases.HomePageTest" name="searchproductandSelect" time="7.409"/>
  <testcase classname="com.flipkart.qa.testcases.ProductDisplayPageTest" name="placeorder" time="2.125"/>
</testsuite> <!--  Flipkart App Test Cases -->
